19:47:51:899  INFO 49272 --- [main] com.hmall.trade.TradeApplication         : The following 1 profile is active: "local"
19:47:52:930  INFO 49272 --- [main] o.s.cloud.context.scope.GenericScope     : BeanFactory id=e9cd7893-b9d7-3ff2-b565-426e5a428223
19:47:52:984  INFO 49272 --- [main] trationDelegate$BeanPostProcessorChecker : Bean 'io.seata.spring.boot.autoconfigure.SeataCoreAutoConfiguration' of type [io.seata.spring.boot.autoconfigure.SeataCoreAutoConfiguration] is not eligible for getting processed by all BeanPostProcessors (for example: not eligible for auto-proxying)
19:47:52:984  INFO 49272 --- [main] trationDelegate$BeanPostProcessorChecker : Bean 'springApplicationContextProvider' of type [io.seata.spring.boot.autoconfigure.provider.SpringApplicationContextProvider] is not eligible for getting processed by all BeanPostProcessors (for example: not eligible for auto-proxying)
19:47:52:985  INFO 49272 --- [main] trationDelegate$BeanPostProcessorChecker : Bean 'io.seata.spring.boot.autoconfigure.SeataAutoConfiguration' of type [io.seata.spring.boot.autoconfigure.SeataAutoConfiguration] is not eligible for getting processed by all BeanPostProcessors (for example: not eligible for auto-proxying)
19:47:53:007  INFO 49272 --- [main] trationDelegate$BeanPostProcessorChecker : Bean 'failureHandler' of type [io.seata.tm.api.DefaultFailureHandlerImpl] is not eligible for getting processed by all BeanPostProcessors (for example: not eligible for auto-proxying)
19:47:53:011  INFO 49272 --- [main] trationDelegate$BeanPostProcessorChecker : Bean 'org.springframework.cloud.commons.config.CommonsConfigAutoConfiguration' of type [org.springframework.cloud.commons.config.CommonsConfigAutoConfiguration] is not eligible for getting processed by all BeanPostProcessors (for example: not eligible for auto-proxying)
19:47:53:012  INFO 49272 --- [main] trationDelegate$BeanPostProcessorChecker : Bean 'org.springframework.cloud.client.loadbalancer.LoadBalancerDefaultMappingsProviderAutoConfiguration' of type [org.springframework.cloud.client.loadbalancer.LoadBalancerDefaultMappingsProviderAutoConfiguration] is not eligible for getting processed by all BeanPostProcessors (for example: not eligible for auto-proxying)
19:47:53:012  INFO 49272 --- [main] trationDelegate$BeanPostProcessorChecker : Bean 'loadBalancerClientsDefaultsMappingsProvider' of type [org.springframework.cloud.client.loadbalancer.LoadBalancerDefaultMappingsProviderAutoConfiguration$$Lambda$567/0x00000008405c7840] is not eligible for getting processed by all BeanPostProcessors (for example: not eligible for auto-proxying)
19:47:53:013  INFO 49272 --- [main] trationDelegate$BeanPostProcessorChecker : Bean 'defaultsBindHandlerAdvisor' of type [org.springframework.cloud.commons.config.DefaultsBindHandlerAdvisor] is not eligible for getting processed by all BeanPostProcessors (for example: not eligible for auto-proxying)
19:47:53:016  INFO 49272 --- [main] trationDelegate$BeanPostProcessorChecker : Bean 'springCloudAlibabaConfiguration' of type [io.seata.spring.boot.autoconfigure.properties.SpringCloudAlibabaConfiguration] is not eligible for getting processed by all BeanPostProcessors (for example: not eligible for auto-proxying)
19:47:53:018  INFO 49272 --- [main] trationDelegate$BeanPostProcessorChecker : Bean 'seataProperties' of type [io.seata.spring.boot.autoconfigure.properties.SeataProperties] is not eligible for getting processed by all BeanPostProcessors (for example: not eligible for auto-proxying)
19:47:53:021  INFO 49272 --- [main] i.s.s.b.a.SeataAutoConfiguration         : Automatically configure Seata
19:47:53:064  INFO 49272 --- [main] io.seata.config.ConfigurationFactory     : load Configuration from :Spring Configuration
19:47:53:067  INFO 49272 --- [main] io.seata.config.ConfigurationFactory     : load Configuration from :Spring Configuration
19:47:53:110  INFO 49272 --- [main] i.s.s.a.GlobalTransactionScanner         : Initializing Global Transaction Clients ... 
19:47:53:159  INFO 49272 --- [main] i.s.core.rpc.netty.NettyClientBootstrap  : NettyClientBootstrap has started
19:47:53:275  INFO 49272 --- [main] com.alibaba.nacos.common.remote.client   : [RpcClientFactory] create a new rpc client of 43dcf02d-edb8-48e1-8038-a7f085119deb
19:47:53:275  INFO 49272 --- [main] com.alibaba.nacos.common.remote.client   : [43dcf02d-edb8-48e1-8038-a7f085119deb] RpcClient init label, labels = {module=naming, source=sdk}
19:47:53:276  INFO 49272 --- [main] com.alibaba.nacos.common.remote.client   : [43dcf02d-edb8-48e1-8038-a7f085119deb] RpcClient init, ServerListFactory = com.alibaba.nacos.client.naming.core.ServerListManager
19:47:53:276  INFO 49272 --- [main] com.alibaba.nacos.common.remote.client   : [43dcf02d-edb8-48e1-8038-a7f085119deb] Registry connection listener to current client:com.alibaba.nacos.client.naming.remote.gprc.redo.NamingGrpcRedoService
19:47:53:276  INFO 49272 --- [main] com.alibaba.nacos.common.remote.client   : [43dcf02d-edb8-48e1-8038-a7f085119deb] Register server push request handler:com.alibaba.nacos.client.naming.remote.gprc.NamingPushRequestHandler
19:47:53:277  INFO 49272 --- [main] com.alibaba.nacos.common.remote.client   : [43dcf02d-edb8-48e1-8038-a7f085119deb] Try to connect to server on start up, server: {serverIp = '192.168.31.74', server main port = 8848}
19:47:53:397  INFO 49272 --- [main] com.alibaba.nacos.common.remote.client   : [43dcf02d-edb8-48e1-8038-a7f085119deb] Success to connect to server [192.168.31.74:8848] on start up, connectionId = 1756813673160_192.168.31.135_62961
19:47:53:397  INFO 49272 --- [main] com.alibaba.nacos.common.remote.client   : [43dcf02d-edb8-48e1-8038-a7f085119deb] Register server push request handler:com.alibaba.nacos.common.remote.client.RpcClient$ConnectResetRequestHandler
19:47:53:397  INFO 49272 --- [main] com.alibaba.nacos.common.remote.client   : [43dcf02d-edb8-48e1-8038-a7f085119deb] Register server push request handler:com.alibaba.nacos.common.remote.client.RpcClient$$Lambda$473/0x00000008403d7440
19:47:53:397  INFO 49272 --- [com.alibaba.nacos.client.remote.worker] com.alibaba.nacos.common.remote.client   : [43dcf02d-edb8-48e1-8038-a7f085119deb] Notify connected event to listeners.
19:47:53:426 ERROR 49272 --- [main] i.s.c.r.netty.NettyClientChannelManager  : no available service found in cluster 'default', please make sure registry config correct and keep your seata server running
19:47:53:426  INFO 49272 --- [main] i.s.s.a.GlobalTransactionScanner         : Transaction Manager Client is initialized. applicationId[trade-service] txServiceGroup[hmall]
19:47:53:433  INFO 49272 --- [main] io.seata.rm.datasource.AsyncWorker       : Async Commit Buffer Limit: 10000
19:47:53:434  INFO 49272 --- [main] i.s.rm.datasource.xa.ResourceManagerXA   : ResourceManagerXA init ...
19:47:53:440  INFO 49272 --- [main] i.s.core.rpc.netty.NettyClientBootstrap  : NettyClientBootstrap has started
19:47:53:440  INFO 49272 --- [main] i.s.s.a.GlobalTransactionScanner         : Resource Manager is initialized. applicationId[trade-service] txServiceGroup[hmall]
19:47:53:440  INFO 49272 --- [main] i.s.s.a.GlobalTransactionScanner         : Global Transaction Clients are initialized. 
19:47:53:441  INFO 49272 --- [main] trationDelegate$BeanPostProcessorChecker : Bean 'io.seata.spring.boot.autoconfigure.SeataDataSourceAutoConfiguration' of type [io.seata.spring.boot.autoconfigure.SeataDataSourceAutoConfiguration] is not eligible for getting processed by all BeanPostProcessors (for example: not eligible for auto-proxying)
19:47:53:594  INFO 49272 --- [main] trationDelegate$BeanPostProcessorChecker : Bean 'com.alibaba.cloud.seata.feign.SeataFeignClientAutoConfiguration$FeignBeanPostProcessorConfiguration' of type [com.alibaba.cloud.seata.feign.SeataFeignClientAutoConfiguration$FeignBeanPostProcessorConfiguration] is not eligible for getting processed by all BeanPostProcessors (for example: not eligible for auto-proxying)
19:47:53:596  INFO 49272 --- [main] trationDelegate$BeanPostProcessorChecker : Bean 'seataFeignObjectWrapper' of type [com.alibaba.cloud.seata.feign.SeataFeignObjectWrapper] is not eligible for getting processed by all BeanPostProcessors (for example: not eligible for auto-proxying)
19:47:53:783  INFO 49272 --- [main] o.s.b.w.embedded.tomcat.TomcatWebServer  : Tomcat initialized with port(s): 8086 (http)
19:47:53:791  INFO 49272 --- [main] o.apache.catalina.core.StandardService   : Starting service [Tomcat]
19:47:53:791  INFO 49272 --- [main] org.apache.catalina.core.StandardEngine  : Starting Servlet engine: [Apache Tomcat/9.0.75]
19:47:53:912  INFO 49272 --- [main] o.a.c.c.C.[Tomcat].[localhost].[/]       : Initializing Spring embedded WebApplicationContext
19:47:53:912  INFO 49272 --- [main] w.s.c.ServletWebServerApplicationContext : Root WebApplicationContext: initialization completed in 1995 ms
19:47:53:936  INFO 49272 --- [nacos-grpc-client-executor-5] com.alibaba.nacos.common.remote.client   : [43dcf02d-edb8-48e1-8038-a7f085119deb] Receive server push request, request = NotifySubscriberRequest, requestId = 7
19:47:53:944  INFO 49272 --- [nacos-grpc-client-executor-5] com.alibaba.nacos.common.remote.client   : [43dcf02d-edb8-48e1-8038-a7f085119deb] Ack server push request, request = NotifySubscriberRequest, requestId = 7
19:47:54:218  INFO 49272 --- [main] com.zaxxer.hikari.HikariDataSource       : HikariPool-1 - Starting...
19:47:54:391  INFO 49272 --- [main] com.zaxxer.hikari.HikariDataSource       : HikariPool-1 - Start completed.
19:47:54:404 ERROR 49272 --- [main] i.s.c.r.netty.NettyClientChannelManager  : no available service found in cluster 'default', please make sure registry config correct and keep your seata server running
19:47:55:041  INFO 49272 --- [main] o.s.c.openfeign.FeignClientFactoryBean   : For 'item-service' URL not provided. Will try picking an instance via load-balancing.
19:47:55:126  INFO 49272 --- [main] i.s.s.a.GlobalTransactionScanner         : Bean[com.hmall.trade.service.impl.OrderServiceImpl$$EnhancerBySpringCGLIB$$9ae1ecdd] with name [orderServiceImpl] would use interceptor [io.seata.spring.annotation.GlobalTransactionalInterceptor]
19:47:55:297  INFO 49272 --- [main] c.a.c.sentinel.SentinelWebMvcConfigurer  : [Sentinel Starter] register SentinelWebInterceptor with urlPatterns: [/**].
19:47:55:767  INFO 49272 --- [main] pertySourcedRequestMappingHandlerMapping : Mapped URL path [/v2/api-docs] onto method [springfox.documentation.swagger2.web.Swagger2ControllerWebMvc#getDocumentation(String, HttpServletRequest)]
19:47:56:174  INFO 49272 --- [main] com.alibaba.nacos.common.remote.client   : [RpcClientFactory] create a new rpc client of 7c7acefb-0f63-4da7-98f4-327b19ca8928
19:47:56:174  INFO 49272 --- [main] com.alibaba.nacos.common.remote.client   : [7c7acefb-0f63-4da7-98f4-327b19ca8928] RpcClient init label, labels = {module=naming, source=sdk}
19:47:56:174  INFO 49272 --- [main] com.alibaba.nacos.common.remote.client   : [7c7acefb-0f63-4da7-98f4-327b19ca8928] RpcClient init, ServerListFactory = com.alibaba.nacos.client.naming.core.ServerListManager
19:47:56:174  INFO 49272 --- [main] com.alibaba.nacos.common.remote.client   : [7c7acefb-0f63-4da7-98f4-327b19ca8928] Registry connection listener to current client:com.alibaba.nacos.client.naming.remote.gprc.redo.NamingGrpcRedoService
19:47:56:174  INFO 49272 --- [main] com.alibaba.nacos.common.remote.client   : [7c7acefb-0f63-4da7-98f4-327b19ca8928] Register server push request handler:com.alibaba.nacos.client.naming.remote.gprc.NamingPushRequestHandler
19:47:56:175  INFO 49272 --- [main] com.alibaba.nacos.common.remote.client   : [7c7acefb-0f63-4da7-98f4-327b19ca8928] Try to connect to server on start up, server: {serverIp = '192.168.31.74', server main port = 8848}
19:47:56:298  INFO 49272 --- [main] com.alibaba.nacos.common.remote.client   : [7c7acefb-0f63-4da7-98f4-327b19ca8928] Success to connect to server [192.168.31.74:8848] on start up, connectionId = 1756813676059_192.168.31.135_63009
19:47:56:298  INFO 49272 --- [main] com.alibaba.nacos.common.remote.client   : [7c7acefb-0f63-4da7-98f4-327b19ca8928] Register server push request handler:com.alibaba.nacos.common.remote.client.RpcClient$ConnectResetRequestHandler
19:47:56:298  INFO 49272 --- [main] com.alibaba.nacos.common.remote.client   : [7c7acefb-0f63-4da7-98f4-327b19ca8928] Register server push request handler:com.alibaba.nacos.common.remote.client.RpcClient$$Lambda$473/0x00000008403d7440
19:47:56:298  INFO 49272 --- [com.alibaba.nacos.client.remote.worker] com.alibaba.nacos.common.remote.client   : [7c7acefb-0f63-4da7-98f4-327b19ca8928] Notify connected event to listeners.
19:47:56:323  INFO 49272 --- [main] o.s.b.w.embedded.tomcat.TomcatWebServer  : Tomcat started on port(s): 8086 (http) with context path ''
19:47:56:332  INFO 49272 --- [main] c.a.c.n.registry.NacosServiceRegistry    : nacos registry, DEFAULT_GROUP trade-service 192.168.10.1:8086 register finished
19:47:56:485  INFO 49272 --- [main] d.s.w.p.DocumentationPluginsBootstrapper : Documentation plugins bootstrapped
19:47:56:487  INFO 49272 --- [main] d.s.w.p.DocumentationPluginsBootstrapper : Found 1 custom documentation plugin(s)
19:47:56:502  INFO 49272 --- [main] s.d.s.w.s.ApiListingReferenceScanner     : Scanning for api listing references
19:47:56:562  INFO 49272 --- [main] o.s.a.r.c.CachingConnectionFactory       : Attempting to connect to: [192.168.31.74:5672]
19:47:56:589  INFO 49272 --- [main] o.s.a.r.c.CachingConnectionFactory       : Created new connection: rabbitConnectionFactory#8f374de:0/SimpleConnection@465e9090 [delegate=amqp://hmall@192.168.31.74:5672//hmall, localPort= 63014]
19:47:56:641  INFO 49272 --- [main] com.hmall.trade.TradeApplication         : Started TradeApplication in 6.86 seconds (JVM running for 7.497)
19:47:56:645  INFO 49272 --- [main] c.a.c.n.refresh.NacosContextRefresher    : [Nacos Config] Listening config: dataId=trade-service, group=DEFAULT_GROUP
19:47:56:646  INFO 49272 --- [main] c.a.c.n.refresh.NacosContextRefresher    : [Nacos Config] Listening config: dataId=trade-service-local.yaml, group=DEFAULT_GROUP
19:47:56:646  INFO 49272 --- [main] c.a.c.n.refresh.NacosContextRefresher    : [Nacos Config] Listening config: dataId=trade-service.yaml, group=DEFAULT_GROUP
19:47:56:850  INFO 49272 --- [nacos-grpc-client-executor-8] com.alibaba.nacos.common.remote.client   : [7c7acefb-0f63-4da7-98f4-327b19ca8928] Receive server push request, request = NotifySubscriberRequest, requestId = 9
19:47:56:859  INFO 49272 --- [nacos-grpc-client-executor-8] com.alibaba.nacos.common.remote.client   : [7c7acefb-0f63-4da7-98f4-327b19ca8928] Ack server push request, request = NotifySubscriberRequest, requestId = 9
19:48:53:158 ERROR 49272 --- [timeoutChecker_1_1] i.s.c.r.netty.NettyClientChannelManager  : no available service found in cluster 'default', please make sure registry config correct and keep your seata server running
19:48:53:440 ERROR 49272 --- [timeoutChecker_2_1] i.s.c.r.netty.NettyClientChannelManager  : no available service found in cluster 'default', please make sure registry config correct and keep your seata server running
19:49:02:768  WARN 49272 --- [Thread-5] c.a.nacos.common.notify.NotifyCenter     : [NotifyCenter] Start destroying Publisher
19:49:02:768  WARN 49272 --- [Thread-1] c.a.n.common.http.HttpClientBeanHolder   : [HttpClientBeanHolder] Start destroying common HttpClient
19:49:02:768  WARN 49272 --- [Thread-5] c.a.nacos.common.notify.NotifyCenter     : [NotifyCenter] Destruction of the end
19:49:02:768  WARN 49272 --- [Thread-1] c.a.n.common.http.HttpClientBeanHolder   : [HttpClientBeanHolder] Destruction of the end
19:49:02:774  INFO 49272 --- [org.springframework.amqp.rabbit.RabbitListenerEndpointContainer#0-2] o.s.a.r.l.SimpleMessageListenerContainer : Waiting for workers to finish.
19:49:03:156 ERROR 49272 --- [timeoutChecker_1_1] i.s.c.r.netty.NettyClientChannelManager  : no available service found in cluster 'default', please make sure registry config correct and keep your seata server running
19:49:03:441 ERROR 49272 --- [timeoutChecker_2_1] i.s.c.r.netty.NettyClientChannelManager  : no available service found in cluster 'default', please make sure registry config correct and keep your seata server running
19:49:03:692  INFO 49272 --- [org.springframework.amqp.rabbit.RabbitListenerEndpointContainer#0-2] o.s.a.r.l.SimpleMessageListenerContainer : Successfully waited for workers to finish.
19:49:03:791  INFO 49272 --- [SpringContextShutdownHook] c.a.c.n.registry.NacosServiceRegistry    : De-registering from Nacos Server now...
19:49:03:794  INFO 49272 --- [SpringContextShutdownHook] c.a.c.n.registry.NacosServiceRegistry    : De-registration finished.
19:49:04:099  INFO 49272 --- [SpringContextShutdownHook] com.alibaba.nacos.common.remote.client   : Shutdown rpc client, set status to shutdown
19:49:04:099  INFO 49272 --- [SpringContextShutdownHook] com.alibaba.nacos.common.remote.client   : Shutdown client event executor java.util.concurrent.ScheduledThreadPoolExecutor@55ccbfd3[Running, pool size = 2, active threads = 2, queued tasks = 0, completed tasks = 0]
19:49:04:099  INFO 49272 --- [SpringContextShutdownHook] com.alibaba.nacos.common.remote.client   : Close current connection 1756813676059_192.168.31.135_63009
19:49:04:101  INFO 49272 --- [nacos-grpc-client-executor-25] c.a.n.c.remote.client.grpc.GrpcClient    : [1756813676059_192.168.31.135_63009]Ignore complete event,isRunning:false,isAbandon=false
19:49:04:103  INFO 49272 --- [SpringContextShutdownHook] c.a.n.c.remote.client.grpc.GrpcClient    : Shutdown grpc executor java.util.concurrent.ThreadPoolExecutor@f1ac6eb[Running, pool size = 6, active threads = 0, queued tasks = 0, completed tasks = 26]
19:49:04:108  INFO 49272 --- [SpringContextShutdownHook] o.s.a.r.l.SimpleMessageListenerContainer : Shutdown ignored - container is already stopped
19:49:04:111  INFO 49272 --- [SpringContextShutdownHook] com.zaxxer.hikari.HikariDataSource       : HikariPool-1 - Shutdown initiated...
19:49:04:123  INFO 49272 --- [SpringContextShutdownHook] com.zaxxer.hikari.HikariDataSource       : HikariPool-1 - Shutdown completed.
