19:47:41:141  INFO 4508 --- [main] com.hmall.item.ItemApplication           : The following 1 profile is active: "local"
19:47:42:029  INFO 4508 --- [main] o.s.cloud.context.scope.GenericScope     : BeanFactory id=f32e902a-ae63-36d0-925b-20476e2eb1f7
19:47:42:087  INFO 4508 --- [main] trationDelegate$BeanPostProcessorChecker : Bean 'io.seata.spring.boot.autoconfigure.SeataCoreAutoConfiguration' of type [io.seata.spring.boot.autoconfigure.SeataCoreAutoConfiguration] is not eligible for getting processed by all BeanPostProcessors (for example: not eligible for auto-proxying)
19:47:42:088  INFO 4508 --- [main] trationDelegate$BeanPostProcessorChecker : Bean 'springApplicationContextProvider' of type [io.seata.spring.boot.autoconfigure.provider.SpringApplicationContextProvider] is not eligible for getting processed by all BeanPostProcessors (for example: not eligible for auto-proxying)
19:47:42:097  INFO 4508 --- [main] trationDelegate$BeanPostProcessorChecker : Bean 'io.seata.spring.boot.autoconfigure.SeataAutoConfiguration' of type [io.seata.spring.boot.autoconfigure.SeataAutoConfiguration] is not eligible for getting processed by all BeanPostProcessors (for example: not eligible for auto-proxying)
19:47:42:122  INFO 4508 --- [main] trationDelegate$BeanPostProcessorChecker : Bean 'failureHandler' of type [io.seata.tm.api.DefaultFailureHandlerImpl] is not eligible for getting processed by all BeanPostProcessors (for example: not eligible for auto-proxying)
19:47:42:126  INFO 4508 --- [main] trationDelegate$BeanPostProcessorChecker : Bean 'org.springframework.cloud.commons.config.CommonsConfigAutoConfiguration' of type [org.springframework.cloud.commons.config.CommonsConfigAutoConfiguration] is not eligible for getting processed by all BeanPostProcessors (for example: not eligible for auto-proxying)
19:47:42:127  INFO 4508 --- [main] trationDelegate$BeanPostProcessorChecker : Bean 'org.springframework.cloud.client.loadbalancer.LoadBalancerDefaultMappingsProviderAutoConfiguration' of type [org.springframework.cloud.client.loadbalancer.LoadBalancerDefaultMappingsProviderAutoConfiguration] is not eligible for getting processed by all BeanPostProcessors (for example: not eligible for auto-proxying)
19:47:42:127  INFO 4508 --- [main] trationDelegate$BeanPostProcessorChecker : Bean 'loadBalancerClientsDefaultsMappingsProvider' of type [org.springframework.cloud.client.loadbalancer.LoadBalancerDefaultMappingsProviderAutoConfiguration$$Lambda$563/0x00000008405a7840] is not eligible for getting processed by all BeanPostProcessors (for example: not eligible for auto-proxying)
19:47:42:128  INFO 4508 --- [main] trationDelegate$BeanPostProcessorChecker : Bean 'defaultsBindHandlerAdvisor' of type [org.springframework.cloud.commons.config.DefaultsBindHandlerAdvisor] is not eligible for getting processed by all BeanPostProcessors (for example: not eligible for auto-proxying)
19:47:42:131  INFO 4508 --- [main] trationDelegate$BeanPostProcessorChecker : Bean 'springCloudAlibabaConfiguration' of type [io.seata.spring.boot.autoconfigure.properties.SpringCloudAlibabaConfiguration] is not eligible for getting processed by all BeanPostProcessors (for example: not eligible for auto-proxying)
19:47:42:134  INFO 4508 --- [main] trationDelegate$BeanPostProcessorChecker : Bean 'seataProperties' of type [io.seata.spring.boot.autoconfigure.properties.SeataProperties] is not eligible for getting processed by all BeanPostProcessors (for example: not eligible for auto-proxying)
19:47:42:135  INFO 4508 --- [main] i.s.s.b.a.SeataAutoConfiguration         : Automatically configure Seata
19:47:42:179  INFO 4508 --- [main] io.seata.config.ConfigurationFactory     : load Configuration from :Spring Configuration
19:47:42:183  INFO 4508 --- [main] io.seata.config.ConfigurationFactory     : load Configuration from :Spring Configuration
19:47:42:231  INFO 4508 --- [main] i.s.s.a.GlobalTransactionScanner         : Initializing Global Transaction Clients ... 
19:47:42:285  INFO 4508 --- [main] i.s.core.rpc.netty.NettyClientBootstrap  : NettyClientBootstrap has started
19:47:43:019  INFO 4508 --- [main] com.alibaba.nacos.common.remote.client   : [RpcClientFactory] create a new rpc client of 266bcae2-a992-49df-bb3d-a588cf348eaf
19:47:43:019  INFO 4508 --- [main] com.alibaba.nacos.common.remote.client   : [266bcae2-a992-49df-bb3d-a588cf348eaf] RpcClient init label, labels = {module=naming, source=sdk}
19:47:43:021  INFO 4508 --- [main] com.alibaba.nacos.common.remote.client   : [266bcae2-a992-49df-bb3d-a588cf348eaf] RpcClient init, ServerListFactory = com.alibaba.nacos.client.naming.core.ServerListManager
19:47:43:021  INFO 4508 --- [main] com.alibaba.nacos.common.remote.client   : [266bcae2-a992-49df-bb3d-a588cf348eaf] Registry connection listener to current client:com.alibaba.nacos.client.naming.remote.gprc.redo.NamingGrpcRedoService
19:47:43:021  INFO 4508 --- [main] com.alibaba.nacos.common.remote.client   : [266bcae2-a992-49df-bb3d-a588cf348eaf] Register server push request handler:com.alibaba.nacos.client.naming.remote.gprc.NamingPushRequestHandler
19:47:43:021  INFO 4508 --- [main] com.alibaba.nacos.common.remote.client   : [266bcae2-a992-49df-bb3d-a588cf348eaf] Try to connect to server on start up, server: {serverIp = '192.168.31.74', server main port = 8848}
19:47:43:145  INFO 4508 --- [main] com.alibaba.nacos.common.remote.client   : [266bcae2-a992-49df-bb3d-a588cf348eaf] Success to connect to server [192.168.31.74:8848] on start up, connectionId = 1756813662906_192.168.31.135_62808
19:47:43:145  INFO 4508 --- [main] com.alibaba.nacos.common.remote.client   : [266bcae2-a992-49df-bb3d-a588cf348eaf] Register server push request handler:com.alibaba.nacos.common.remote.client.RpcClient$ConnectResetRequestHandler
19:47:43:145  INFO 4508 --- [com.alibaba.nacos.client.remote.worker] com.alibaba.nacos.common.remote.client   : [266bcae2-a992-49df-bb3d-a588cf348eaf] Notify connected event to listeners.
19:47:43:145  INFO 4508 --- [main] com.alibaba.nacos.common.remote.client   : [266bcae2-a992-49df-bb3d-a588cf348eaf] Register server push request handler:com.alibaba.nacos.common.remote.client.RpcClient$$Lambda$473/0x00000008403d7440
19:47:43:177 ERROR 4508 --- [main] i.s.c.r.netty.NettyClientChannelManager  : no available service found in cluster 'default', please make sure registry config correct and keep your seata server running
19:47:43:177  INFO 4508 --- [main] i.s.s.a.GlobalTransactionScanner         : Transaction Manager Client is initialized. applicationId[item-service] txServiceGroup[hmall]
19:47:43:184  INFO 4508 --- [main] io.seata.rm.datasource.AsyncWorker       : Async Commit Buffer Limit: 10000
19:47:43:184  INFO 4508 --- [main] i.s.rm.datasource.xa.ResourceManagerXA   : ResourceManagerXA init ...
19:47:43:190  INFO 4508 --- [main] i.s.core.rpc.netty.NettyClientBootstrap  : NettyClientBootstrap has started
19:47:43:190  INFO 4508 --- [main] i.s.s.a.GlobalTransactionScanner         : Resource Manager is initialized. applicationId[item-service] txServiceGroup[hmall]
19:47:43:190  INFO 4508 --- [main] i.s.s.a.GlobalTransactionScanner         : Global Transaction Clients are initialized. 
19:47:43:191  INFO 4508 --- [main] trationDelegate$BeanPostProcessorChecker : Bean 'io.seata.spring.boot.autoconfigure.SeataDataSourceAutoConfiguration' of type [io.seata.spring.boot.autoconfigure.SeataDataSourceAutoConfiguration] is not eligible for getting processed by all BeanPostProcessors (for example: not eligible for auto-proxying)
19:47:43:495  INFO 4508 --- [main] o.s.b.w.embedded.tomcat.TomcatWebServer  : Tomcat initialized with port(s): 8081 (http)
19:47:43:502  INFO 4508 --- [main] o.apache.catalina.core.StandardService   : Starting service [Tomcat]
19:47:43:503  INFO 4508 --- [main] org.apache.catalina.core.StandardEngine  : Starting Servlet engine: [Apache Tomcat/9.0.75]
19:47:43:635  INFO 4508 --- [main] o.a.c.c.C.[Tomcat].[localhost].[/]       : Initializing Spring embedded WebApplicationContext
19:47:43:635  INFO 4508 --- [main] w.s.c.ServletWebServerApplicationContext : Root WebApplicationContext: initialization completed in 2478 ms
19:47:43:723  INFO 4508 --- [nacos-grpc-client-executor-6] com.alibaba.nacos.common.remote.client   : [266bcae2-a992-49df-bb3d-a588cf348eaf] Receive server push request, request = NotifySubscriberRequest, requestId = 2
19:47:43:733  INFO 4508 --- [nacos-grpc-client-executor-6] com.alibaba.nacos.common.remote.client   : [266bcae2-a992-49df-bb3d-a588cf348eaf] Ack server push request, request = NotifySubscriberRequest, requestId = 2
19:47:43:853  INFO 4508 --- [main] com.zaxxer.hikari.HikariDataSource       : HikariPool-1 - Starting...
19:47:44:051  INFO 4508 --- [main] com.zaxxer.hikari.HikariDataSource       : HikariPool-1 - Start completed.
19:47:44:064 ERROR 4508 --- [main] i.s.c.r.netty.NettyClientChannelManager  : no available service found in cluster 'default', please make sure registry config correct and keep your seata server running
19:47:44:857  INFO 4508 --- [main] c.a.c.sentinel.SentinelWebMvcConfigurer  : [Sentinel Starter] register SentinelWebInterceptor with urlPatterns: [/**].
19:47:45:369  INFO 4508 --- [main] pertySourcedRequestMappingHandlerMapping : Mapped URL path [/v2/api-docs] onto method [springfox.documentation.swagger2.web.Swagger2ControllerWebMvc#getDocumentation(String, HttpServletRequest)]
19:47:45:665  INFO 4508 --- [main] com.alibaba.nacos.common.remote.client   : [RpcClientFactory] create a new rpc client of 57210d3b-20d6-47b9-809f-899efb5076bf
19:47:45:665  INFO 4508 --- [main] com.alibaba.nacos.common.remote.client   : [57210d3b-20d6-47b9-809f-899efb5076bf] RpcClient init label, labels = {module=naming, source=sdk}
19:47:45:665  INFO 4508 --- [main] com.alibaba.nacos.common.remote.client   : [57210d3b-20d6-47b9-809f-899efb5076bf] RpcClient init, ServerListFactory = com.alibaba.nacos.client.naming.core.ServerListManager
19:47:45:665  INFO 4508 --- [main] com.alibaba.nacos.common.remote.client   : [57210d3b-20d6-47b9-809f-899efb5076bf] Registry connection listener to current client:com.alibaba.nacos.client.naming.remote.gprc.redo.NamingGrpcRedoService
19:47:45:665  INFO 4508 --- [main] com.alibaba.nacos.common.remote.client   : [57210d3b-20d6-47b9-809f-899efb5076bf] Register server push request handler:com.alibaba.nacos.client.naming.remote.gprc.NamingPushRequestHandler
19:47:45:666  INFO 4508 --- [main] com.alibaba.nacos.common.remote.client   : [57210d3b-20d6-47b9-809f-899efb5076bf] Try to connect to server on start up, server: {serverIp = '192.168.31.74', server main port = 8848}
19:47:45:789  INFO 4508 --- [main] com.alibaba.nacos.common.remote.client   : [57210d3b-20d6-47b9-809f-899efb5076bf] Success to connect to server [192.168.31.74:8848] on start up, connectionId = 1756813665551_192.168.31.135_62835
19:47:45:789  INFO 4508 --- [main] com.alibaba.nacos.common.remote.client   : [57210d3b-20d6-47b9-809f-899efb5076bf] Register server push request handler:com.alibaba.nacos.common.remote.client.RpcClient$ConnectResetRequestHandler
19:47:45:789  INFO 4508 --- [com.alibaba.nacos.client.remote.worker] com.alibaba.nacos.common.remote.client   : [57210d3b-20d6-47b9-809f-899efb5076bf] Notify connected event to listeners.
19:47:45:789  INFO 4508 --- [main] com.alibaba.nacos.common.remote.client   : [57210d3b-20d6-47b9-809f-899efb5076bf] Register server push request handler:com.alibaba.nacos.common.remote.client.RpcClient$$Lambda$473/0x00000008403d7440
19:47:45:824  INFO 4508 --- [main] o.s.b.w.embedded.tomcat.TomcatWebServer  : Tomcat started on port(s): 8081 (http) with context path ''
19:47:45:838  INFO 4508 --- [main] c.a.c.n.registry.NacosServiceRegistry    : nacos registry, DEFAULT_GROUP item-service 192.168.10.1:8081 register finished
19:47:46:007  INFO 4508 --- [main] d.s.w.p.DocumentationPluginsBootstrapper : Documentation plugins bootstrapped
19:47:46:010  INFO 4508 --- [main] d.s.w.p.DocumentationPluginsBootstrapper : Found 1 custom documentation plugin(s)
19:47:46:030  INFO 4508 --- [main] s.d.s.w.s.ApiListingReferenceScanner     : Scanning for api listing references
19:47:46:185  INFO 4508 --- [main] com.hmall.item.ItemApplication           : Started ItemApplication in 7.252 seconds (JVM running for 13.333)
19:47:46:190  INFO 4508 --- [main] c.a.c.n.refresh.NacosContextRefresher    : [Nacos Config] Listening config: dataId=item-service.yaml, group=DEFAULT_GROUP
19:47:46:191  INFO 4508 --- [main] c.a.c.n.refresh.NacosContextRefresher    : [Nacos Config] Listening config: dataId=item-service-local.yaml, group=DEFAULT_GROUP
19:47:46:191  INFO 4508 --- [main] c.a.c.n.refresh.NacosContextRefresher    : [Nacos Config] Listening config: dataId=item-service, group=DEFAULT_GROUP
19:47:46:333  INFO 4508 --- [nacos-grpc-client-executor-7] com.alibaba.nacos.common.remote.client   : [57210d3b-20d6-47b9-809f-899efb5076bf] Receive server push request, request = NotifySubscriberRequest, requestId = 4
19:47:46:341  INFO 4508 --- [nacos-grpc-client-executor-7] com.alibaba.nacos.common.remote.client   : [57210d3b-20d6-47b9-809f-899efb5076bf] Ack server push request, request = NotifySubscriberRequest, requestId = 4
19:48:42:283 ERROR 4508 --- [timeoutChecker_1_1] i.s.c.r.netty.NettyClientChannelManager  : no available service found in cluster 'default', please make sure registry config correct and keep your seata server running
19:48:43:189 ERROR 4508 --- [timeoutChecker_2_1] i.s.c.r.netty.NettyClientChannelManager  : no available service found in cluster 'default', please make sure registry config correct and keep your seata server running
19:48:52:281 ERROR 4508 --- [timeoutChecker_1_1] i.s.c.r.netty.NettyClientChannelManager  : no available service found in cluster 'default', please make sure registry config correct and keep your seata server running
19:48:53:189 ERROR 4508 --- [timeoutChecker_2_1] i.s.c.r.netty.NettyClientChannelManager  : no available service found in cluster 'default', please make sure registry config correct and keep your seata server running
19:48:58:040  WARN 4508 --- [Thread-1] c.a.n.common.http.HttpClientBeanHolder   : [HttpClientBeanHolder] Start destroying common HttpClient
19:48:58:040  WARN 4508 --- [Thread-5] c.a.nacos.common.notify.NotifyCenter     : [NotifyCenter] Start destroying Publisher
19:48:58:040  WARN 4508 --- [Thread-5] c.a.nacos.common.notify.NotifyCenter     : [NotifyCenter] Destruction of the end
19:48:58:040  WARN 4508 --- [Thread-1] c.a.n.common.http.HttpClientBeanHolder   : [HttpClientBeanHolder] Destruction of the end
19:48:58:145  INFO 4508 --- [SpringContextShutdownHook] c.a.c.n.registry.NacosServiceRegistry    : De-registering from Nacos Server now...
19:48:58:151  INFO 4508 --- [SpringContextShutdownHook] c.a.c.n.registry.NacosServiceRegistry    : De-registration finished.
19:48:58:457  INFO 4508 --- [SpringContextShutdownHook] com.alibaba.nacos.common.remote.client   : Shutdown rpc client, set status to shutdown
19:48:58:457  INFO 4508 --- [SpringContextShutdownHook] com.alibaba.nacos.common.remote.client   : Shutdown client event executor java.util.concurrent.ScheduledThreadPoolExecutor@142aabe5[Running, pool size = 2, active threads = 2, queued tasks = 0, completed tasks = 0]
19:48:58:457  INFO 4508 --- [SpringContextShutdownHook] com.alibaba.nacos.common.remote.client   : Close current connection 1756813665551_192.168.31.135_62835
19:48:58:458  INFO 4508 --- [nacos-grpc-client-executor-29] c.a.n.c.remote.client.grpc.GrpcClient    : [1756813665551_192.168.31.135_62835]Ignore complete event,isRunning:false,isAbandon=false
19:48:58:459  INFO 4508 --- [SpringContextShutdownHook] c.a.n.c.remote.client.grpc.GrpcClient    : Shutdown grpc executor java.util.concurrent.ThreadPoolExecutor@2280fb9a[Running, pool size = 5, active threads = 0, queued tasks = 0, completed tasks = 30]
19:48:58:464  INFO 4508 --- [SpringContextShutdownHook] com.zaxxer.hikari.HikariDataSource       : HikariPool-1 - Shutdown initiated...
19:48:58:476  INFO 4508 --- [SpringContextShutdownHook] com.zaxxer.hikari.HikariDataSource       : HikariPool-1 - Shutdown completed.
