19:47:52:407  INFO 47108 --- [main] com.hmall.user.UserApplication           : Starting UserApplication using Java 11.0.27 on DESKTOP-1P85SKT with PID 47108 (D:\hmall\user-service\target\classes started by 1 in D:\hmall)
19:47:52:410 DEBUG 47108 --- [main] com.hmall.user.UserApplication           : Running with Spring Boot v2.7.12, Spring v5.3.27
19:47:52:411  INFO 47108 --- [main] com.hmall.user.UserApplication           : The following 1 profile is active: "local"
19:47:53:313  INFO 47108 --- [main] o.s.cloud.context.scope.GenericScope     : BeanFactory id=c1a035e2-1505-30ad-a73c-494cf54aa1a7
19:47:53:543  INFO 47108 --- [main] o.s.b.w.embedded.tomcat.TomcatWebServer  : Tomcat initialized with port(s): 8083 (http)
19:47:53:551  INFO 47108 --- [main] o.apache.catalina.core.StandardService   : Starting service [Tomcat]
19:47:53:551  INFO 47108 --- [main] org.apache.catalina.core.StandardEngine  : Starting Servlet engine: [Apache Tomcat/9.0.75]
19:47:53:660  INFO 47108 --- [main] o.a.c.c.C.[Tomcat].[localhost].[/]       : Initializing Spring embedded WebApplicationContext
19:47:53:660  INFO 47108 --- [main] w.s.c.ServletWebServerApplicationContext : Root WebApplicationContext: initialization completed in 1214 ms
19:47:55:079  INFO 47108 --- [main] pertySourcedRequestMappingHandlerMapping : Mapped URL path [/v2/api-docs] onto method [springfox.documentation.swagger2.web.Swagger2ControllerWebMvc#getDocumentation(String, HttpServletRequest)]
19:47:55:348  INFO 47108 --- [main] com.alibaba.nacos.common.remote.client   : [RpcClientFactory] create a new rpc client of 42b4efe2-2900-4e90-ac7e-c8317bd2f3c9
19:47:55:383  INFO 47108 --- [main] org.reflections.Reflections              : Reflections took 20 ms to scan 1 urls, producing 3 keys and 6 values 
19:47:55:404  INFO 47108 --- [main] org.reflections.Reflections              : Reflections took 10 ms to scan 1 urls, producing 4 keys and 9 values 
19:47:55:415  INFO 47108 --- [main] org.reflections.Reflections              : Reflections took 8 ms to scan 1 urls, producing 3 keys and 10 values 
19:47:55:417  WARN 47108 --- [main] org.reflections.Reflections              : given scan urls are empty. set urls in the configuration
19:47:55:426  INFO 47108 --- [main] org.reflections.Reflections              : Reflections took 9 ms to scan 1 urls, producing 1 keys and 5 values 
19:47:55:436  INFO 47108 --- [main] org.reflections.Reflections              : Reflections took 8 ms to scan 1 urls, producing 1 keys and 7 values 
19:47:55:446  INFO 47108 --- [main] org.reflections.Reflections              : Reflections took 8 ms to scan 1 urls, producing 2 keys and 8 values 
19:47:55:448  WARN 47108 --- [main] org.reflections.Reflections              : given scan urls are empty. set urls in the configuration
19:47:55:449  INFO 47108 --- [main] com.alibaba.nacos.common.remote.client   : [42b4efe2-2900-4e90-ac7e-c8317bd2f3c9] RpcClient init label, labels = {module=naming, source=sdk}
19:47:55:450  INFO 47108 --- [main] com.alibaba.nacos.common.remote.client   : [42b4efe2-2900-4e90-ac7e-c8317bd2f3c9] RpcClient init, ServerListFactory = com.alibaba.nacos.client.naming.core.ServerListManager
19:47:55:450  INFO 47108 --- [main] com.alibaba.nacos.common.remote.client   : [42b4efe2-2900-4e90-ac7e-c8317bd2f3c9] Registry connection listener to current client:com.alibaba.nacos.client.naming.remote.gprc.redo.NamingGrpcRedoService
19:47:55:451  INFO 47108 --- [main] com.alibaba.nacos.common.remote.client   : [42b4efe2-2900-4e90-ac7e-c8317bd2f3c9] Register server push request handler:com.alibaba.nacos.client.naming.remote.gprc.NamingPushRequestHandler
19:47:55:452  INFO 47108 --- [main] com.alibaba.nacos.common.remote.client   : [42b4efe2-2900-4e90-ac7e-c8317bd2f3c9] Try to connect to server on start up, server: {serverIp = '192.168.31.74', server main port = 8848}
19:47:56:286  INFO 47108 --- [main] com.alibaba.nacos.common.remote.client   : [42b4efe2-2900-4e90-ac7e-c8317bd2f3c9] Success to connect to server [192.168.31.74:8848] on start up, connectionId = 1756813675986_192.168.31.135_63008
19:47:56:286  INFO 47108 --- [com.alibaba.nacos.client.remote.worker] com.alibaba.nacos.common.remote.client   : [42b4efe2-2900-4e90-ac7e-c8317bd2f3c9] Notify connected event to listeners.
19:47:56:287  INFO 47108 --- [main] com.alibaba.nacos.common.remote.client   : [42b4efe2-2900-4e90-ac7e-c8317bd2f3c9] Register server push request handler:com.alibaba.nacos.common.remote.client.RpcClient$ConnectResetRequestHandler
19:47:56:288  INFO 47108 --- [main] com.alibaba.nacos.common.remote.client   : [42b4efe2-2900-4e90-ac7e-c8317bd2f3c9] Register server push request handler:com.alibaba.nacos.common.remote.client.RpcClient$$Lambda$923/0x0000000840728440
19:47:56:336  INFO 47108 --- [main] o.s.b.w.embedded.tomcat.TomcatWebServer  : Tomcat started on port(s): 8083 (http) with context path ''
19:47:56:345  INFO 47108 --- [main] c.a.c.n.registry.NacosServiceRegistry    : nacos registry, DEFAULT_GROUP user-service 192.168.10.1:8083 register finished
19:47:56:495  INFO 47108 --- [main] d.s.w.p.DocumentationPluginsBootstrapper : Documentation plugins bootstrapped
19:47:56:498  INFO 47108 --- [main] d.s.w.p.DocumentationPluginsBootstrapper : Found 1 custom documentation plugin(s)
19:47:56:515  INFO 47108 --- [main] s.d.s.w.s.ApiListingReferenceScanner     : Scanning for api listing references
19:47:56:593  INFO 47108 --- [main] com.hmall.user.UserApplication           : Started UserApplication in 4.756 seconds (JVM running for 5.335)
19:47:56:858  INFO 47108 --- [nacos-grpc-client-executor-9] com.alibaba.nacos.common.remote.client   : [42b4efe2-2900-4e90-ac7e-c8317bd2f3c9] Receive server push request, request = NotifySubscriberRequest, requestId = 8
19:47:56:867  INFO 47108 --- [nacos-grpc-client-executor-9] com.alibaba.nacos.common.remote.client   : [42b4efe2-2900-4e90-ac7e-c8317bd2f3c9] Ack server push request, request = NotifySubscriberRequest, requestId = 8
19:49:04:583  WARN 47108 --- [Thread-7] c.a.n.common.http.HttpClientBeanHolder   : [HttpClientBeanHolder] Start destroying common HttpClient
19:49:04:583  WARN 47108 --- [Thread-4] c.a.nacos.common.notify.NotifyCenter     : [NotifyCenter] Start destroying Publisher
19:49:04:584  WARN 47108 --- [Thread-4] c.a.nacos.common.notify.NotifyCenter     : [NotifyCenter] Destruction of the end
19:49:04:584  WARN 47108 --- [Thread-7] c.a.n.common.http.HttpClientBeanHolder   : [HttpClientBeanHolder] Destruction of the end
19:49:04:693  INFO 47108 --- [SpringApplicationShutdownHook] c.a.c.n.registry.NacosServiceRegistry    : De-registering from Nacos Server now...
19:49:04:697  INFO 47108 --- [SpringApplicationShutdownHook] c.a.c.n.registry.NacosServiceRegistry    : De-registration finished.
19:49:05:005  INFO 47108 --- [SpringApplicationShutdownHook] com.alibaba.nacos.common.remote.client   : Shutdown rpc client, set status to shutdown
19:49:05:006  INFO 47108 --- [SpringApplicationShutdownHook] com.alibaba.nacos.common.remote.client   : Shutdown client event executor java.util.concurrent.ScheduledThreadPoolExecutor@3441dcb5[Running, pool size = 2, active threads = 2, queued tasks = 0, completed tasks = 0]
19:49:05:006  INFO 47108 --- [SpringApplicationShutdownHook] com.alibaba.nacos.common.remote.client   : Close current connection 1756813675986_192.168.31.135_63008
19:49:05:007  INFO 47108 --- [nacos-grpc-client-executor-31] c.a.n.c.remote.client.grpc.GrpcClient    : [1756813675986_192.168.31.135_63008]Ignore complete event,isRunning:false,isAbandon=false
19:49:05:009  INFO 47108 --- [SpringApplicationShutdownHook] c.a.n.c.remote.client.grpc.GrpcClient    : Shutdown grpc executor java.util.concurrent.ThreadPoolExecutor@48b0101e[Running, pool size = 7, active threads = 0, queued tasks = 0, completed tasks = 32]
